<?xml version="1.0" encoding="UTF-8"?>
<!-- Generated by org.testng.reporters.JUnitXMLReporter -->
<testsuite ignored="0" hostname="DESKTOP-6O0AM8N" failures="0" tests="2" name="Banking App Test" time="71.303" errors="0" timestamp="2023-11-13T22:36:51 IST">
  <testcase classname="com.iNetBankingV3.testCases.TC_LoginTest_001" name="loginTest" time="3.497"/>
  <testcase classname="com.iNetBankingV3.testCases.TC_AddCustomer_003" name="addNewCustomer" time="18.756"/>
</testsuite> <!-- Banking App Test -->
