<?xml version="1.0" encoding="UTF-8"?>
<testng-results ignored="0" total="1" passed="1" failed="0" skipped="0">
  <reporter-output>
  </reporter-output>
  <suite started-at="2023-11-12T17:17:14 IST" name="iNetBanking" finished-at="2023-11-12T17:17:32 IST" duration-ms="17831">
    <groups>
    </groups>
    <test started-at="2023-11-12T17:17:14 IST" name="Banking App Test" finished-at="2023-11-12T17:17:32 IST" duration-ms="17831">
      <class name="com.iNetBankingV3.testCases.TC_LoginTest_001">
        <test-method is-config="true" signature="setUp(java.lang.String)[pri:0, instance:com.iNetBankingV3.testCases.TC_LoginTest_001@247d8ae]" started-at="2023-11-12T17:17:14 IST" name="setUp" finished-at="2023-11-12T17:17:29 IST" duration-ms="14845" status="PASS">
          <params>
            <param index="0">
              <value>
                <![CDATA[chrome]]>
              </value>
            </param>
          </params>
          <reporter-output>
          </reporter-output>
        </test-method> <!-- setUp -->
        <test-method signature="loginTest()[pri:0, instance:com.iNetBankingV3.testCases.TC_LoginTest_001@247d8ae]" started-at="2023-11-12T17:17:29 IST" name="loginTest" finished-at="2023-11-12T17:17:30 IST" duration-ms="1586" status="PASS">
          <reporter-output>
          </reporter-output>
        </test-method> <!-- loginTest -->
        <test-method is-config="true" signature="tearDown()[pri:0, instance:com.iNetBankingV3.testCases.TC_LoginTest_001@247d8ae]" started-at="2023-11-12T17:17:30 IST" name="tearDown" finished-at="2023-11-12T17:17:32 IST" duration-ms="1148" status="PASS">
          <reporter-output>
          </reporter-output>
        </test-method> <!-- tearDown -->
      </class> <!-- com.iNetBankingV3.testCases.TC_LoginTest_001 -->
    </test> <!-- Banking App Test -->
  </suite> <!-- iNetBanking -->
</testng-results>
