<?xml version="1.0" encoding="UTF-8"?>
<testng-results ignored="0" total="2" passed="2" failed="0" skipped="0">
  <reporter-output>
  </reporter-output>
  <suite started-at="2023-11-13T22:35:39 IST" name="iNetBanking" finished-at="2023-11-13T22:36:51 IST" duration-ms="71303">
    <groups>
    </groups>
    <test started-at="2023-11-13T22:35:39 IST" name="Banking App Test" finished-at="2023-11-13T22:36:51 IST" duration-ms="71303">
      <class name="com.iNetBankingV3.testCases.TC_AddCustomer_003">
        <test-method is-config="true" signature="setUp(java.lang.String)[pri:0, instance:com.iNetBankingV3.testCases.TC_AddCustomer_003@76c3e77a]" started-at="2023-11-13T22:36:19 IST" name="setUp" finished-at="2023-11-13T22:36:31 IST" duration-ms="12040" status="PASS">
          <params>
            <param index="0">
              <value>
                <![CDATA[chrome]]>
              </value>
            </param>
          </params>
          <reporter-output>
          </reporter-output>
        </test-method> <!-- setUp -->
        <test-method signature="addNewCustomer()[pri:0, instance:com.iNetBankingV3.testCases.TC_AddCustomer_003@76c3e77a]" started-at="2023-11-13T22:36:31 IST" name="addNewCustomer" finished-at="2023-11-13T22:36:49 IST" duration-ms="18756" status="PASS">
          <reporter-output>
          </reporter-output>
        </test-method> <!-- addNewCustomer -->
        <test-method is-config="true" signature="tearDown()[pri:0, instance:com.iNetBankingV3.testCases.TC_AddCustomer_003@76c3e77a]" started-at="2023-11-13T22:36:49 IST" name="tearDown" finished-at="2023-11-13T22:36:51 IST" duration-ms="1031" status="PASS">
          <reporter-output>
          </reporter-output>
        </test-method> <!-- tearDown -->
      </class> <!-- com.iNetBankingV3.testCases.TC_AddCustomer_003 -->
      <class name="com.iNetBankingV3.testCases.TC_LoginTest_001">
        <test-method is-config="true" signature="setUp(java.lang.String)[pri:0, instance:com.iNetBankingV3.testCases.TC_LoginTest_001@57d7f8ca]" started-at="2023-11-13T22:35:40 IST" name="setUp" finished-at="2023-11-13T22:36:14 IST" duration-ms="33902" status="PASS">
          <params>
            <param index="0">
              <value>
                <![CDATA[chrome]]>
              </value>
            </param>
          </params>
          <reporter-output>
          </reporter-output>
        </test-method> <!-- setUp -->
        <test-method signature="loginTest()[pri:0, instance:com.iNetBankingV3.testCases.TC_LoginTest_001@57d7f8ca]" started-at="2023-11-13T22:36:14 IST" name="loginTest" finished-at="2023-11-13T22:36:17 IST" duration-ms="3497" status="PASS">
          <reporter-output>
          </reporter-output>
        </test-method> <!-- loginTest -->
        <test-method is-config="true" signature="tearDown()[pri:0, instance:com.iNetBankingV3.testCases.TC_LoginTest_001@57d7f8ca]" started-at="2023-11-13T22:36:17 IST" name="tearDown" finished-at="2023-11-13T22:36:19 IST" duration-ms="1274" status="PASS">
          <reporter-output>
          </reporter-output>
        </test-method> <!-- tearDown -->
      </class> <!-- com.iNetBankingV3.testCases.TC_LoginTest_001 -->
    </test> <!-- Banking App Test -->
  </suite> <!-- iNetBanking -->
</testng-results>
